<?xml version="1.0" encoding="UTF-8"?>
<!-- Generated by org.testng.reporters.JUnitReportReporter -->
<testsuite skipped="0" hostname="Amruths-MacBook-Pro.local" name="com.tests.ProductFlowtest" tests="1" failures="0" timestamp="2020-05-15T16:14:10 IST" time="26.679" errors="0">
  <testcase name="testProductFlow" time="26.679" classname="com.tests.ProductFlowtest"/>
  <system-out/>
</testsuite> <!-- com.tests.ProductFlowtest -->
