<?xml version="1.0" encoding="UTF-8"?>
<!-- Generated by org.testng.reporters.JUnitReportReporter -->
<testsuite skipped="0" hostname="Amruths-MacBook-Pro.local" name="com.appium.utils.AppiumUtils" tests="1" failures="0" timestamp="2020-05-15T08:06:55 IST" time="0.003" errors="0">
  <testcase name="test1" time="0.003" classname="com.appium.utils.AppiumUtils"/>
  <system-out/>
</testsuite> <!-- com.appium.utils.AppiumUtils -->
