<?xml version="1.0" encoding="UTF-8"?>
<!-- Generated by org.testng.reporters.JUnitReportReporter -->
<testsuite skipped="0" hostname="Amruths-MacBook-Pro.local" name="com.tests.MobileBasicTest" tests="1" failures="0" timestamp="2020-05-15T17:10:48 IST" time="3.071" errors="0">
  <testcase name="testPushNoti" time="3.071" classname="com.tests.MobileBasicTest"/>
  <system-out/>
</testsuite> <!-- com.tests.MobileBasicTest -->
